<?xml version="1.0" encoding="UTF-8"?>
<testsuite name="jobSearchTest"
           tests="3"
           failures="0"
           errors="0"
           skipped="0"
           time="8.549">
  <properties />
  
  
            <testcase name="aChileanComingToTheUKForWorkAndPlansOnStayingForLongerThanSixMonths" time="2.221" classname="gov.uk.check.visa.testsuite.VisaConfirmationTest" />
                <testcase name="aColumbianNationalComingToTheUKToJoinAPartnerForALongStayTheyDoHaveAnArticle10Or20Card" time="1.673" classname="gov.uk.check.visa.testsuite.VisaConfirmationTest" />
                <testcase name="anAustralianComingToUKForTourism" time="4.655" classname="gov.uk.check.visa.testsuite.VisaConfirmationTest" />
      
</testsuite>
